#
# There is insufficient memory for the Java Runtime Environment to continue.
# Native memory allocation (malloc) failed to allocate 32744 bytes for ChunkPool::allocate
# Possible reasons:
#   The system is out of physical RAM or swap space
#   The process is running with CompressedOops enabled, and the Java Heap may be blocking the growth of the native heap
# Possible solutions:
#   Reduce memory load on the system
#   Increase physical memory or swap space
#   Check if swap backing store is full
#   Decrease Java heap size (-Xmx/-Xms)
#   Decrease number of Java threads
#   Decrease Java thread stack sizes (-Xss)
#   Set larger code cache with -XX:ReservedCodeCacheSize=
#   JVM is running with Unscaled Compressed Oops mode in which the Java heap is
#     placed in the first 4GB address space. The Java Heap base address is the
#     maximum limit for the native heap growth. Please use -XX:HeapBaseMinAddress
#     to set the Java Heap base and to place the Java Heap above 4GB virtual address.
# This output file may be truncated or incomplete.
#
#  Out of Memory Error (allocation.cpp:272), pid=28952, tid=0x00000000000074f4
#
# JRE version: OpenJDK Runtime Environment (8.0_242-b01) (build 1.8.0_242-release-1644-b01)
# Java VM: OpenJDK 64-Bit Server VM (25.242-b01 mixed mode windows-amd64 compressed oops)
# Failed to write core dump. Minidumps are not enabled by default on client versions of Windows
#

---------------  T H R E A D  ---------------

Current thread (0x0000000018841800):  JavaThread "C2 CompilerThread2" daemon [_thread_in_native, id=29940, stack(0x0000000019310000,0x0000000019410000)]

Stack: [0x0000000019310000,0x0000000019410000]
[error occurred during error reporting (printing stack bounds), id 0xc0000005]

Native frames: (J=compiled Java code, j=interpreted, Vv=VM code, C=native code)


Current CompileTask:
C2:   3614 1574   !   4       java.net.URLClassLoader$1::run (63 bytes)


---------------  P R O C E S S  ---------------

Java Threads: ( => current thread )
  0x000000001b5d4000 JavaThread "File lock request listener" [_thread_in_native, id=29500, stack(0x000000001d780000,0x000000001d880000)]
  0x000000001b43c000 JavaThread "Cache worker for file hash cache (C:\Users\maree\.gradle\caches\6.6.1\fileHashes)" [_thread_blocked, id=33080, stack(0x000000001d680000,0x000000001d780000)]
  0x000000001a367000 JavaThread "Thread-9" [_thread_blocked, id=33044, stack(0x000000001d380000,0x000000001d480000)]
  0x000000001b3c0000 JavaThread "Stdin handler" [_thread_blocked, id=28768, stack(0x000000001d280000,0x000000001d380000)]
  0x000000001b3be800 JavaThread "Asynchronous log dispatcher for DefaultDaemonConnection: socket connection from /192.168.186.33:55073 to /192.168.186.33:55074" [_thread_blocked, id=33020, stack(0x000000001d180000,0x000000001d280000)]
  0x000000001b3ba000 JavaThread "Daemon worker" [_thread_in_native, id=28176, stack(0x000000001d080000,0x000000001d180000)]
  0x000000001b3ad800 JavaThread "Cancel handler" [_thread_blocked, id=32972, stack(0x000000001ce80000,0x000000001cf80000)]
  0x000000001b398000 JavaThread "Handler for socket connection from /192.168.186.33:55073 to /192.168.186.33:55074" [_thread_in_native, id=13036, stack(0x000000001cd80000,0x000000001ce80000)]
  0x000000001b386800 JavaThread "Daemon" [_thread_blocked, id=32948, stack(0x000000001cc80000,0x000000001cd80000)]
  0x000000001b375800 JavaThread "Daemon periodic checks" [_thread_blocked, id=30268, stack(0x000000001c980000,0x000000001ca80000)]
  0x000000001b325800 JavaThread "Incoming local TCP Connector on port 55073" [_thread_in_native, id=32924, stack(0x000000001c880000,0x000000001c980000)]
  0x000000001895b800 JavaThread "Daemon health stats" [_thread_blocked, id=32848, stack(0x000000001c0b0000,0x000000001c1b0000)]
  0x00000000188c0800 JavaThread "Service Thread" daemon [_thread_blocked, id=28784, stack(0x0000000019510000,0x0000000019610000)]
  0x0000000018845000 JavaThread "C1 CompilerThread3" daemon [_thread_blocked, id=27964, stack(0x0000000019410000,0x0000000019510000)]
=>0x0000000018841800 JavaThread "C2 CompilerThread2" daemon [_thread_in_native, id=29940, stack(0x0000000019310000,0x0000000019410000)]
  0x0000000018836800 JavaThread "C2 CompilerThread1" daemon [_thread_in_native, id=28740, stack(0x0000000019210000,0x0000000019310000)]
  0x0000000018834800 JavaThread "C2 CompilerThread0" daemon [_thread_blocked, id=29508, stack(0x0000000019110000,0x0000000019210000)]
  0x0000000018832000 JavaThread "Attach Listener" daemon [_thread_blocked, id=30792, stack(0x0000000019010000,0x0000000019110000)]
  0x0000000018831000 JavaThread "Signal Dispatcher" daemon [_thread_blocked, id=27584, stack(0x0000000018f10000,0x0000000019010000)]
  0x0000000002c4d800 JavaThread "Finalizer" daemon [_thread_blocked, id=30424, stack(0x0000000018d00000,0x0000000018e00000)]
  0x0000000002c47000 JavaThread "Reference Handler" daemon [_thread_blocked, id=30324, stack(0x0000000018c00000,0x0000000018d00000)]
  0x0000000002b52800 JavaThread "main" [_thread_blocked, id=31772, stack(0x0000000002a50000,0x0000000002b50000)]

Other Threads:
  0x0000000016a26800 VMThread [stack: 0x0000000018700000,0x0000000018800000] [id=28144]
  0x0000000018887800 WatcherThread [stack: 0x0000000019610000,0x0000000019710000] [id=29660]

VM state:not at safepoint (normal execution)

VM Mutex/Monitor currently owned by a thread: None

heap address: 0x00000000a0000000, size: 1536 MB, Compressed Oops mode: 32-bit
Narrow klass base: 0x0000000000000000, Narrow klass shift: 3
Compressed class space size: 1073741824 Address: 0x0000000100000000

Heap:
 PSYoungGen      total 38400K, used 37122K [0x00000000e0000000, 0x00000000e2a80000, 0x0000000100000000)
  eden space 33280K, 96% used [0x00000000e0000000,0x00000000e1f449a8,0x00000000e2080000)
  from space 5120K, 99% used [0x00000000e2080000,0x00000000e257c010,0x00000000e2580000)
  to   space 5120K, 0% used [0x00000000e2580000,0x00000000e2580000,0x00000000e2a80000)
 ParOldGen       total 87552K, used 1420K [0x00000000a0000000, 0x00000000a5580000, 0x00000000e0000000)
  object space 87552K, 1% used [0x00000000a0000000,0x00000000a0163128,0x00000000a5580000)
 Metaspace       used 14926K, capacity 15382K, committed 15616K, reserved 1062912K
  class space    used 2051K, capacity 2185K, committed 2304K, reserved 1048576K

Card table byte_map: [0x0000000012010000,0x0000000012320000] byte_map_base: 0x0000000011b10000

Marking Bits: (ParMarkBitMap*) 0x000000006342f030
 Begin Bits: [0x0000000012d20000, 0x0000000014520000)
 End Bits:   [0x0000000014520000, 0x0000000015d20000)

Polling page: 0x00000000029d0000

CodeCache: size=245760Kb used=5459Kb max_used=5459Kb free=240300Kb
 bounds [0x0000000002c50000, 0x00000000031b0000, 0x0000000011c50000]
 total_blobs=1965 nmethods=1581 adapters=297
 compilation: enabled

Compilation events (10 events):
Event: 3.464 Thread 0x0000000018845000 1579       3       org.gradle.internal.file.DefaultFileHierarchySet$Node::sizeOfCommonPrefix (10 bytes)
Event: 3.464 Thread 0x0000000018845000 nmethod 1579 0x000000000319b250 code [0x000000000319b3c0, 0x000000000319b5a8]
Event: 3.464 Thread 0x0000000018845000 1580       3       org.gradle.internal.file.FilePathUtil::sizeOfCommonPrefix (10 bytes)
Event: 3.464 Thread 0x0000000018845000 nmethod 1580 0x000000000319aed0 code [0x000000000319b040, 0x000000000319b1a8]
Event: 3.499 Thread 0x0000000018845000 1581       1       java.util.concurrent.atomic.AtomicInteger::get (5 bytes)
Event: 3.499 Thread 0x0000000018845000 nmethod 1581 0x000000000319ac10 code [0x000000000319ad60, 0x000000000319ae70]
Event: 3.503 Thread 0x0000000018845000 1582       3       sun.reflect.ReflectionFactory::inflationThreshold (4 bytes)
Event: 3.503 Thread 0x0000000018845000 nmethod 1582 0x000000000319a910 code [0x000000000319aa60, 0x000000000319ab90]
Event: 3.566 Thread 0x0000000018845000 1584       3       java.util.concurrent.locks.AbstractOwnableSynchronizer::setExclusiveOwnerThread (6 bytes)
Event: 3.566 Thread 0x0000000018845000 nmethod 1584 0x000000000319a5d0 code [0x000000000319a720, 0x000000000319a890]

GC Heap History (6 events):
Event: 1.102 GC heap before
{Heap before GC invocations=1 (full 0):
 PSYoungGen      total 38400K, used 33280K [0x00000000e0000000, 0x00000000e2a80000, 0x0000000100000000)
  eden space 33280K, 100% used [0x00000000e0000000,0x00000000e2080000,0x00000000e2080000)
  from space 5120K, 0% used [0x00000000e2580000,0x00000000e2580000,0x00000000e2a80000)
  to   space 5120K, 0% used [0x00000000e2080000,0x00000000e2080000,0x00000000e2580000)
 ParOldGen       total 87552K, used 0K [0x00000000a0000000, 0x00000000a5580000, 0x00000000e0000000)
  object space 87552K, 0% used [0x00000000a0000000,0x00000000a0000000,0x00000000a5580000)
 Metaspace       used 7525K, capacity 7838K, committed 8064K, reserved 1056768K
  class space    used 925K, capacity 1037K, committed 1152K, reserved 1048576K
Event: 1.108 GC heap after
Heap after GC invocations=1 (full 0):
 PSYoungGen      total 38400K, used 4569K [0x00000000e0000000, 0x00000000e2a80000, 0x0000000100000000)
  eden space 33280K, 0% used [0x00000000e0000000,0x00000000e0000000,0x00000000e2080000)
  from space 5120K, 89% used [0x00000000e2080000,0x00000000e24f6430,0x00000000e2580000)
  to   space 5120K, 0% used [0x00000000e2580000,0x00000000e2580000,0x00000000e2a80000)
 ParOldGen       total 87552K, used 16K [0x00000000a0000000, 0x00000000a5580000, 0x00000000e0000000)
  object space 87552K, 0% used [0x00000000a0000000,0x00000000a0004000,0x00000000a5580000)
 Metaspace       used 7525K, capacity 7838K, committed 8064K, reserved 1056768K
  class space    used 925K, capacity 1037K, committed 1152K, reserved 1048576K
}
Event: 1.434 GC heap before
{Heap before GC invocations=2 (full 0):
 PSYoungGen      total 38400K, used 37849K [0x00000000e0000000, 0x00000000e2a80000, 0x0000000100000000)
  eden space 33280K, 100% used [0x00000000e0000000,0x00000000e2080000,0x00000000e2080000)
  from space 5120K, 89% used [0x00000000e2080000,0x00000000e24f6430,0x00000000e2580000)
  to   space 5120K, 0% used [0x00000000e2580000,0x00000000e2580000,0x00000000e2a80000)
 ParOldGen       total 87552K, used 16K [0x00000000a0000000, 0x00000000a5580000, 0x00000000e0000000)
  object space 87552K, 0% used [0x00000000a0000000,0x00000000a0004000,0x00000000a5580000)
 Metaspace       used 7752K, capacity 8048K, committed 8320K, reserved 1056768K
  class space    used 946K, capacity 1043K, committed 1152K, reserved 1048576K
Event: 1.437 GC heap after
Heap after GC invocations=2 (full 0):
 PSYoungGen      total 38400K, used 3537K [0x00000000e0000000, 0x00000000e2a80000, 0x0000000100000000)
  eden space 33280K, 0% used [0x00000000e0000000,0x00000000e0000000,0x00000000e2080000)
  from space 5120K, 69% used [0x00000000e2580000,0x00000000e28f45f8,0x00000000e2a80000)
  to   space 5120K, 0% used [0x00000000e2080000,0x00000000e2080000,0x00000000e2580000)
 ParOldGen       total 87552K, used 24K [0x00000000a0000000, 0x00000000a5580000, 0x00000000e0000000)
  object space 87552K, 0% used [0x00000000a0000000,0x00000000a0006000,0x00000000a5580000)
 Metaspace       used 7752K, capacity 8048K, committed 8320K, reserved 1056768K
  class space    used 946K, capacity 1043K, committed 1152K, reserved 1048576K
}
Event: 2.797 GC heap before
{Heap before GC invocations=3 (full 0):
 PSYoungGen      total 38400K, used 36817K [0x00000000e0000000, 0x00000000e2a80000, 0x0000000100000000)
  eden space 33280K, 100% used [0x00000000e0000000,0x00000000e2080000,0x00000000e2080000)
  from space 5120K, 69% used [0x00000000e2580000,0x00000000e28f45f8,0x00000000e2a80000)
  to   space 5120K, 0% used [0x00000000e2080000,0x00000000e2080000,0x00000000e2580000)
 ParOldGen       total 87552K, used 24K [0x00000000a0000000, 0x00000000a5580000, 0x00000000e0000000)
  object space 87552K, 0% used [0x00000000a0000000,0x00000000a0006000,0x00000000a5580000)
 Metaspace       used 12249K, capacity 12566K, committed 12800K, reserved 1060864K
  class space    used 1629K, capacity 1725K, committed 1792K, reserved 1048576K
Event: 2.808 GC heap after
Heap after GC invocations=3 (full 0):
 PSYoungGen      total 38400K, used 5104K [0x00000000e0000000, 0x00000000e2a80000, 0x0000000100000000)
  eden space 33280K, 0% used [0x00000000e0000000,0x00000000e0000000,0x00000000e2080000)
  from space 5120K, 99% used [0x00000000e2080000,0x00000000e257c010,0x00000000e2580000)
  to   space 5120K, 0% used [0x00000000e2580000,0x00000000e2580000,0x00000000e2a80000)
 ParOldGen       total 87552K, used 1420K [0x00000000a0000000, 0x00000000a5580000, 0x00000000e0000000)
  object space 87552K, 1% used [0x00000000a0000000,0x00000000a0163128,0x00000000a5580000)
 Metaspace       used 12249K, capacity 12566K, committed 12800K, reserved 1060864K
  class space    used 1629K, capacity 1725K, committed 1792K, reserved 1048576K
}

Deoptimization events (10 events):
Event: 2.784 Thread 0x000000001b3ba000 Uncommon trap: reason=bimorphic action=maybe_recompile pc=0x0000000002ee4310 method=java.util.HashMap.putVal(ILjava/lang/Object;Ljava/lang/Object;ZZ)Ljava/lang/Object; @ 253
Event: 2.784 Thread 0x000000001b3ba000 Uncommon trap: reason=bimorphic action=maybe_recompile pc=0x0000000002ee4310 method=java.util.HashMap.putVal(ILjava/lang/Object;Ljava/lang/Object;ZZ)Ljava/lang/Object; @ 253
Event: 2.784 Thread 0x000000001b3ba000 Uncommon trap: reason=bimorphic action=maybe_recompile pc=0x0000000002ee4310 method=java.util.HashMap.putVal(ILjava/lang/Object;Ljava/lang/Object;ZZ)Ljava/lang/Object; @ 253
Event: 2.784 Thread 0x000000001b3ba000 Uncommon trap: reason=bimorphic action=maybe_recompile pc=0x0000000002ee52a8 method=java.util.HashMap.putVal(ILjava/lang/Object;Ljava/lang/Object;ZZ)Ljava/lang/Object; @ 253
Event: 3.175 Thread 0x000000001b3ba000 Uncommon trap: reason=class_check action=maybe_recompile pc=0x0000000002f791d8 method=java.util.regex.Matcher.match(II)Z @ 86
Event: 3.205 Thread 0x000000001b3ba000 Uncommon trap: reason=class_check action=maybe_recompile pc=0x0000000002f791d8 method=java.util.regex.Matcher.match(II)Z @ 86
Event: 3.205 Thread 0x000000001b3ba000 Uncommon trap: reason=class_check action=maybe_recompile pc=0x0000000002f791d8 method=java.util.regex.Matcher.match(II)Z @ 86
Event: 3.206 Thread 0x000000001b3ba000 Uncommon trap: reason=class_check action=maybe_recompile pc=0x0000000002e0dd4c method=java.util.regex.Matcher.match(II)Z @ 86
Event: 3.612 Thread 0x000000001b3ba000 Uncommon trap: reason=unstable_if action=reinterpret pc=0x0000000002f7b89c method=java.io.File.getName()Ljava/lang/String; @ 16
Event: 3.612 Thread 0x000000001b3ba000 Uncommon trap: reason=unstable_if action=reinterpret pc=0x0000000002f81e54 method=java.lang.String.substring(I)Ljava/lang/String; @ 35

Classes redefined (0 events):
No events

Internal exceptions (10 events):
Event: 0.855 Thread 0x0000000002b52800 Exception <a 'java/lang/ArrayIndexOutOfBoundsException'> (0x00000000e15521c0) thrown at [C:\src\AOSP-openjdk-git\hotspot\src\share\vm\runtime\sharedRuntime.cpp, line 605]
Event: 2.355 Thread 0x0000000002b52800 Exception <a 'java/net/SocketException': Unrecognized Windows Sockets error: 11050: no further information> (0x00000000e1a18058) thrown at [C:\src\AOSP-openjdk-git\hotspot\src\share\vm\prims\jni.cpp, line 737]
Event: 2.634 Thread 0x0000000002b52800 Exception <a 'java/io/IOException'> (0x00000000e1c25430) thrown at [C:\src\AOSP-openjdk-git\hotspot\src\share\vm\prims\jni.cpp, line 710]
Event: 2.704 Thread 0x000000001b398000 Exception <a 'java/lang/NoSuchMethodError': <clinit>> (0x00000000e1df7068) thrown at [C:\src\AOSP-openjdk-git\hotspot\src\share\vm\prims\jni.cpp, line 1615]
Event: 2.706 Thread 0x000000001b398000 Exception <a 'java/lang/NoSuchMethodError': <clinit>> (0x00000000e1e00770) thrown at [C:\src\AOSP-openjdk-git\hotspot\src\share\vm\prims\jni.cpp, line 1615]
Event: 2.709 Thread 0x000000001b398000 Exception <a 'java/lang/NoSuchMethodError': <clinit>> (0x00000000e1e14c90) thrown at [C:\src\AOSP-openjdk-git\hotspot\src\share\vm\prims\jni.cpp, line 1615]
Event: 2.723 Thread 0x000000001b398000 Exception <a 'java/lang/NoSuchMethodError': <clinit>> (0x00000000e1e7afc0) thrown at [C:\src\AOSP-openjdk-git\hotspot\src\share\vm\prims\jni.cpp, line 1615]
Event: 2.733 Thread 0x000000001b398000 Exception <a 'java/lang/NoSuchMethodError': <clinit>> (0x00000000e1eb50c8) thrown at [C:\src\AOSP-openjdk-git\hotspot\src\share\vm\prims\jni.cpp, line 1615]
Event: 2.743 Thread 0x000000001b398000 Exception <a 'java/lang/NoSuchMethodError': <clinit>> (0x00000000e1eeaea8) thrown at [C:\src\AOSP-openjdk-git\hotspot\src\share\vm\prims\jni.cpp, line 1615]
Event: 3.355 Thread 0x000000001b3ba000 Exception <a 'java/lang/NoSuchMethodError': java.lang.Object.lambda$static$0(Lorg/gradle/internal/state/ModelObject;)Ljava/lang/String;> (0x00000000e1aa5908) thrown at [C:\src\AOSP-openjdk-git\hotspot\src\share\vm\interpreter\linkResolver.cpp, line 620]

Events (10 events):
Event: 3.516 loading class org/gradle/internal/snapshot/MetadataSnapshot
Event: 3.516 loading class org/gradle/internal/snapshot/MetadataSnapshot done
Event: 3.517 loading class java/io/File$TempDirectory
Event: 3.612 loading class java/io/File$TempDirectory done
Event: 3.612 Thread 0x000000001b3ba000 Uncommon trap: trap_request=0xffffff65 fr.pc=0x0000000002f7b89c
Event: 3.612 Thread 0x000000001b3ba000 DEOPT PACKING pc=0x0000000002f7b89c sp=0x000000001d17c080
Event: 3.612 Thread 0x000000001b3ba000 DEOPT UNPACKING pc=0x0000000002c9557b sp=0x000000001d17c068 mode 2
Event: 3.612 Thread 0x000000001b3ba000 Uncommon trap: trap_request=0xffffff65 fr.pc=0x0000000002f81e54
Event: 3.612 Thread 0x000000001b3ba000 DEOPT PACKING pc=0x0000000002f81e54 sp=0x000000001d17c010
Event: 3.612 Thread 0x000000001b3ba000 DEOPT UNPACKING pc=0x0000000002c9557b sp=0x000000001d17c000 mode 2


Dynamic libraries:
0x00007ff6d6020000 - 0x00007ff6d6051000 	C:\Program Files\Android\Android Studio\jre\bin\java.exe
0x00007ffbad630000 - 0x00007ffbad825000 	C:\WINDOWS\SYSTEM32\ntdll.dll
0x00007ffbad090000 - 0x00007ffbad14d000 	C:\WINDOWS\System32\KERNEL32.DLL
0x00007ffbab000000 - 0x00007ffbab2c8000 	C:\WINDOWS\System32\KERNELBASE.dll
0x00007ffbac580000 - 0x00007ffbac62c000 	C:\WINDOWS\System32\ADVAPI32.dll
0x00007ffbac630000 - 0x00007ffbac6ce000 	C:\WINDOWS\System32\msvcrt.dll
0x00007ffbad280000 - 0x00007ffbad31b000 	C:\WINDOWS\System32\sechost.dll
0x00007ffbac380000 - 0x00007ffbac4ab000 	C:\WINDOWS\System32\RPCRT4.dll
0x00007ffbab740000 - 0x00007ffbab8e0000 	C:\WINDOWS\System32\USER32.dll
0x00007ffbaafd0000 - 0x00007ffbaaff2000 	C:\WINDOWS\System32\win32u.dll
0x00007ffbabcd0000 - 0x00007ffbabcfa000 	C:\WINDOWS\System32\GDI32.dll
0x00007ffbab580000 - 0x00007ffbab68b000 	C:\WINDOWS\System32\gdi32full.dll
0x00007ffbab2d0000 - 0x00007ffbab36d000 	C:\WINDOWS\System32\msvcp_win.dll
0x00007ffbaaed0000 - 0x00007ffbaafd0000 	C:\WINDOWS\System32\ucrtbase.dll
0x00007ffb99e90000 - 0x00007ffb9a12a000 	C:\WINDOWS\WinSxS\amd64_microsoft.windows.common-controls_6595b64144ccf1df_6.0.19041.844_none_ca00b6081b84eb1d\COMCTL32.dll
0x00007ffbad5c0000 - 0x00007ffbad5f0000 	C:\WINDOWS\System32\IMM32.DLL
0x0000000062aa0000 - 0x0000000062b72000 	C:\Program Files\Android\Android Studio\jre\jre\bin\msvcr100.dll
0x0000000062c60000 - 0x00000000634ab000 	C:\Program Files\Android\Android Studio\jre\jre\bin\server\jvm.dll
0x00007ffbab8e0000 - 0x00007ffbab8e8000 	C:\WINDOWS\System32\PSAPI.DLL
0x00007ffba1e40000 - 0x00007ffba1e49000 	C:\WINDOWS\SYSTEM32\WSOCK32.dll
0x00007ffbad440000 - 0x00007ffbad4ab000 	C:\WINDOWS\System32\WS2_32.dll
0x00007ffb9edf0000 - 0x00007ffb9ee17000 	C:\WINDOWS\SYSTEM32\WINMM.dll
0x00007ffba1350000 - 0x00007ffba135a000 	C:\WINDOWS\SYSTEM32\VERSION.dll
0x00007ffba1e30000 - 0x00007ffba1e3f000 	C:\Program Files\Android\Android Studio\jre\jre\bin\verify.dll
0x00007ffb9e900000 - 0x00007ffb9e929000 	C:\Program Files\Android\Android Studio\jre\jre\bin\java.dll
0x00007ffb915d0000 - 0x00007ffb915e6000 	C:\Program Files\Android\Android Studio\jre\jre\bin\zip.dll
0x00007ffbac7f0000 - 0x00007ffbacf32000 	C:\WINDOWS\System32\SHELL32.dll
0x00007ffba8e50000 - 0x00007ffba95e1000 	C:\WINDOWS\SYSTEM32\windows.storage.dll
0x00007ffbab970000 - 0x00007ffbabcc5000 	C:\WINDOWS\System32\combase.dll
0x00007ffbaa710000 - 0x00007ffbaa73c000 	C:\WINDOWS\SYSTEM32\Wldp.dll
0x00007ffbad4b0000 - 0x00007ffbad55e000 	C:\WINDOWS\System32\SHCORE.dll
0x00007ffbad560000 - 0x00007ffbad5b5000 	C:\WINDOWS\System32\shlwapi.dll
0x00007ffbaacb0000 - 0x00007ffbaaccf000 	C:\WINDOWS\SYSTEM32\profapi.dll
0x00007ffb915b0000 - 0x00007ffb915ca000 	C:\Program Files\Android\Android Studio\jre\jre\bin\net.dll
0x00007ffbaa4f0000 - 0x00007ffbaa55a000 	C:\WINDOWS\system32\mswsock.dll
0x00007ffb91590000 - 0x00007ffb915a3000 	C:\Program Files\Android\Android Studio\jre\jre\bin\nio.dll
0x00007ffba65d0000 - 0x00007ffba65f7000 	C:\Users\maree\.gradle\native\9f2fa17c089eee584f3420100432f77ec4c098959e4bf121a4d6054c26537dfb\windows-amd64\native-platform.dll
0x00007ffba1e20000 - 0x00007ffba1e2d000 	C:\Program Files\Android\Android Studio\jre\jre\bin\management.dll
0x00007ffbaaa50000 - 0x00007ffbaaa68000 	C:\WINDOWS\SYSTEM32\CRYPTSP.dll
0x00007ffba9e40000 - 0x00007ffba9e74000 	C:\WINDOWS\system32\rsaenh.dll
0x00007ffbaaea0000 - 0x00007ffbaaec7000 	C:\WINDOWS\System32\bcrypt.dll
0x00007ffbaac70000 - 0x00007ffbaac9e000 	C:\WINDOWS\SYSTEM32\USERENV.dll
0x00007ffbaad70000 - 0x00007ffbaadf0000 	C:\WINDOWS\System32\bcryptprimitives.dll
0x00007ffbaa670000 - 0x00007ffbaa67c000 	C:\WINDOWS\SYSTEM32\CRYPTBASE.dll
0x00007ffbaa1b0000 - 0x00007ffbaa1eb000 	C:\WINDOWS\SYSTEM32\IPHLPAPI.DLL
0x00007ffbac7e0000 - 0x00007ffbac7e8000 	C:\WINDOWS\System32\NSI.dll
0x00007ffba2c80000 - 0x00007ffba2c97000 	C:\WINDOWS\SYSTEM32\dhcpcsvc6.DLL
0x00007ffba3360000 - 0x00007ffba337d000 	C:\WINDOWS\SYSTEM32\dhcpcsvc.DLL
0x00007ffbaa1f0000 - 0x00007ffbaa2bc000 	C:\WINDOWS\SYSTEM32\DNSAPI.dll
0x00007ffba3440000 - 0x00007ffba344b000 	C:\WINDOWS\SYSTEM32\WINNSI.DLL

VM Arguments:
jvm_args: -Xmx1536m -Dfile.encoding=windows-1252 -Duser.country=GB -Duser.language=en -Duser.variant 
java_command: org.gradle.launcher.daemon.bootstrap.GradleDaemon 6.6.1
java_class_path (initial): C:\Users\maree\.gradle\wrapper\dists\gradle-6.6.1-all\ejrtlte9hlw8v6ii20a9584rs\gradle-6.6.1\lib\gradle-launcher-6.6.1.jar
Launcher Type: SUN_STANDARD

Environment Variables:
JAVA_HOME=C:\Program Files\Java\jdk1.8.0_181
PATH=C:\Program Files\Common Files\Oracle\Java\javapath;C:\Program Files\Java\jdk1.8.0_181\bin;C:\Program Files (x86)\Common Files\Oracle\Java\javapath;C:\Users\maree\AppData\Local\Programs\Python\Python37-32\geckodriver;C:\Windows\system32;C:\Windows;C:\Windows\System32\Wbem;C:\Windows\System32\WindowsPowerShell\v1.0\;C:\Windows\System32\OpenSSH\;C:\Program Files\Crucial\Crucial Storage Executive;C:\Program Files (x86)\NVIDIA Corporation\PhysX\Common;C:\Program Files\NVIDIA Corporation\NVIDIA NvDLISR;C:\xampp\php;C:\ProgramData\ComposerSetup\bin;C:\Program Files\nodejs\;C:\Program Files\MongoDB\Server\4.0\bin;C:\WINDOWS\system32;C:\WINDOWS;C:\WINDOWS\System32\Wbem;C:\WINDOWS\System32\WindowsPowerShell\v1.0\;C:\WINDOWS\System32\OpenSSH\;C:\Program Files\Docker\Docker\resources\bin;C:\ProgramData\DockerDesktop\version-bin;C:\Program Files\Git\cmd;C:\Program Files\MySQL\MySQL Shell 8.0\bin\;C:\Users\maree\AppData\Local\Programs\Python\Python37-32\Scripts\;C:\Users\maree\AppData\Local\Programs\Python\Python37-32\;C:\Users\maree\AppData\Local\Microsoft\WindowsApps;C:\Users\maree\AppData\Local\GitHubDesktop\bin;C:\Users\maree\AppData\Local\Programs\Microsoft VS Code\bin;C:\Users\maree\AppData\Roaming\Composer\vendor\bin;C:\Users\maree\AppData\Roaming\npm;C:\Users\maree\AppData\Local\Microsoft\WindowsApps;c:\adb\;;C:\Program Files\JetBrains\IntelliJ IDEA 2020.2.3\bin;;C:\Program Files\heroku\bin
USERNAME=maree
OS=Windows_NT
PROCESSOR_IDENTIFIER=Intel64 Family 6 Model 58 Stepping 9, GenuineIntel



---------------  S Y S T E M  ---------------

OS: Windows 10.0 , 64 bit Build 19041 (10.0.19041.928)

CPU:total 8 (initial active 8) (4 cores per cpu, 2 threads per core) family 6 model 58 stepping 9, cmov, cx8, fxsr, mmx, sse, sse2, sse3, ssse3, sse4.1, sse4.2, popcnt, avx, aes, clmul, erms, ht, tsc, tscinvbit, tscinv

Memory: 4k page, physical 8285496k(394940k free), swap 33451320k(5340k free)

vm_info: OpenJDK 64-Bit Server VM (25.242-b01) for windows-amd64 JRE (1.8.0_242-release-1644-b01), built by "builder" with MS VC++ 10.0 (VS2010)

time: Sun Apr 25 03:04:30 2021
timezone: GMT Summer Time
elapsed time: 3 seconds (0d 0h 0m 3s)

